2014-10-31 03:32:54 Error: [Exception] DateTime::__construct() [http://php.net/datetime.--construct]: It is not safe to rely on the system's timezone settings. You are *required* to use the date.timezone setting or the date_default_timezone_set() function. In case you used any of those methods and you are still getting this warning, you most likely misspelled the timezone identifier. We selected 'UTC' for 'UTC/0.0/no DST' instead
Stack Trace:
#0 /var/www/html/TeamB/lib/Cake/Network/CakeResponse.php(1064): DateTime->__construct('2014-10-31 03:2...')
#1 /var/www/html/TeamB/lib/Cake/Network/CakeResponse.php(968): CakeResponse->_getUTCDate(1414725781)
#2 /var/www/html/TeamB/lib/Cake/Routing/Filter/AssetDispatcher.php(60): CakeResponse->modified(1414725781)
#3 [internal function]: AssetDispatcher->beforeDispatch(Object(CakeEvent))
#4 /var/www/html/TeamB/lib/Cake/Event/CakeEventManager.php(242): call_user_func(Array, Object(CakeEvent))
#5 /var/www/html/TeamB/lib/Cake/Routing/Dispatcher.php(145): CakeEventManager->dispatch(Object(CakeEvent))
#6 /var/www/html/TeamB/app/webroot/index.php(108): Dispatcher->dispatch(Object(CakeRequest), Object(CakeResponse))
#7 {main}
2014-10-31 03:32:54 Error: [Exception] DateTime::__construct() [http://php.net/datetime.--construct]: It is not safe to rely on the system's timezone settings. You are *required* to use the date.timezone setting or the date_default_timezone_set() function. In case you used any of those methods and you are still getting this warning, you most likely misspelled the timezone identifier. We selected 'UTC' for 'UTC/0.0/no DST' instead
Stack Trace:
#0 /var/www/html/TeamB/lib/Cake/Network/CakeResponse.php(1064): DateTime->__construct('2014-10-31 03:2...')
#1 /var/www/html/TeamB/lib/Cake/Network/CakeResponse.php(968): CakeResponse->_getUTCDate(1414725781)
#2 /var/www/html/TeamB/lib/Cake/Routing/Filter/AssetDispatcher.php(60): CakeResponse->modified(1414725781)
#3 [internal function]: AssetDispatcher->beforeDispatch(Object(CakeEvent))
#4 /var/www/html/TeamB/lib/Cake/Event/CakeEventManager.php(242): call_user_func(Array, Object(CakeEvent))
#5 /var/www/html/TeamB/lib/Cake/Routing/Dispatcher.php(145): CakeEventManager->dispatch(Object(CakeEvent))
#6 /var/www/html/TeamB/app/webroot/index.php(108): Dispatcher->dispatch(Object(CakeRequest), Object(CakeResponse))
#7 {main}
2014-10-31 03:32:54 Error: [Exception] DateTime::__construct() [http://php.net/datetime.--construct]: It is not safe to rely on the system's timezone settings. You are *required* to use the date.timezone setting or the date_default_timezone_set() function. In case you used any of those methods and you are still getting this warning, you most likely misspelled the timezone identifier. We selected 'UTC' for 'UTC/0.0/no DST' instead
Stack Trace:
#0 /var/www/html/TeamB/lib/Cake/Network/CakeResponse.php(1064): DateTime->__construct('2014-10-31 03:2...')
#1 /var/www/html/TeamB/lib/Cake/Network/CakeResponse.php(968): CakeResponse->_getUTCDate(1414725781)
#2 /var/www/html/TeamB/lib/Cake/Routing/Filter/AssetDispatcher.php(60): CakeResponse->modified(1414725781)
#3 [internal function]: AssetDispatcher->beforeDispatch(Object(CakeEvent))
#4 /var/www/html/TeamB/lib/Cake/Event/CakeEventManager.php(242): call_user_func(Array, Object(CakeEvent))
#5 /var/www/html/TeamB/lib/Cake/Routing/Dispatcher.php(145): CakeEventManager->dispatch(Object(CakeEvent))
#6 /var/www/html/TeamB/app/webroot/index.php(108): Dispatcher->dispatch(Object(CakeRequest), Object(CakeResponse))
#7 {main}
2014-10-31 03:33:12 Error: [Exception] DateTime::__construct() [http://php.net/datetime.--construct]: It is not safe to rely on the system's timezone settings. You are *required* to use the date.timezone setting or the date_default_timezone_set() function. In case you used any of those methods and you are still getting this warning, you most likely misspelled the timezone identifier. We selected 'UTC' for 'UTC/0.0/no DST' instead
Stack Trace:
#0 /var/www/html/TeamB/lib/Cake/Network/CakeResponse.php(1064): DateTime->__construct('2014-10-31 03:2...')
#1 /var/www/html/TeamB/lib/Cake/Network/CakeResponse.php(968): CakeResponse->_getUTCDate(1414725781)
#2 /var/www/html/TeamB/lib/Cake/Routing/Filter/AssetDispatcher.php(60): CakeResponse->modified(1414725781)
#3 [internal function]: AssetDispatcher->beforeDispatch(Object(CakeEvent))
#4 /var/www/html/TeamB/lib/Cake/Event/CakeEventManager.php(242): call_user_func(Array, Object(CakeEvent))
#5 /var/www/html/TeamB/lib/Cake/Routing/Dispatcher.php(145): CakeEventManager->dispatch(Object(CakeEvent))
#6 /var/www/html/TeamB/app/webroot/index.php(108): Dispatcher->dispatch(Object(CakeRequest), Object(CakeResponse))
#7 {main}
2014-10-31 03:33:12 Error: [Exception] DateTime::__construct() [http://php.net/datetime.--construct]: It is not safe to rely on the system's timezone settings. You are *required* to use the date.timezone setting or the date_default_timezone_set() function. In case you used any of those methods and you are still getting this warning, you most likely misspelled the timezone identifier. We selected 'UTC' for 'UTC/0.0/no DST' instead
Stack Trace:
#0 /var/www/html/TeamB/lib/Cake/Network/CakeResponse.php(1064): DateTime->__construct('2014-10-31 03:2...')
#1 /var/www/html/TeamB/lib/Cake/Network/CakeResponse.php(968): CakeResponse->_getUTCDate(1414725781)
#2 /var/www/html/TeamB/lib/Cake/Routing/Filter/AssetDispatcher.php(60): CakeResponse->modified(1414725781)
#3 [internal function]: AssetDispatcher->beforeDispatch(Object(CakeEvent))
#4 /var/www/html/TeamB/lib/Cake/Event/CakeEventManager.php(242): call_user_func(Array, Object(CakeEvent))
#5 /var/www/html/TeamB/lib/Cake/Routing/Dispatcher.php(145): CakeEventManager->dispatch(Object(CakeEvent))
#6 /var/www/html/TeamB/app/webroot/index.php(108): Dispatcher->dispatch(Object(CakeRequest), Object(CakeResponse))
#7 {main}
2014-10-31 03:33:12 Error: [Exception] DateTime::__construct() [http://php.net/datetime.--construct]: It is not safe to rely on the system's timezone settings. You are *required* to use the date.timezone setting or the date_default_timezone_set() function. In case you used any of those methods and you are still getting this warning, you most likely misspelled the timezone identifier. We selected 'UTC' for 'UTC/0.0/no DST' instead
Stack Trace:
#0 /var/www/html/TeamB/lib/Cake/Network/CakeResponse.php(1064): DateTime->__construct('2014-10-31 03:2...')
#1 /var/www/html/TeamB/lib/Cake/Network/CakeResponse.php(968): CakeResponse->_getUTCDate(1414725781)
#2 /var/www/html/TeamB/lib/Cake/Routing/Filter/AssetDispatcher.php(60): CakeResponse->modified(1414725781)
#3 [internal function]: AssetDispatcher->beforeDispatch(Object(CakeEvent))
#4 /var/www/html/TeamB/lib/Cake/Event/CakeEventManager.php(242): call_user_func(Array, Object(CakeEvent))
#5 /var/www/html/TeamB/lib/Cake/Routing/Dispatcher.php(145): CakeEventManager->dispatch(Object(CakeEvent))
#6 /var/www/html/TeamB/app/webroot/index.php(108): Dispatcher->dispatch(Object(CakeRequest), Object(CakeResponse))
#7 {main}
2014-10-31 03:33:12 Error: [Exception] DateTime::__construct() [http://php.net/datetime.--construct]: It is not safe to rely on the system's timezone settings. You are *required* to use the date.timezone setting or the date_default_timezone_set() function. In case you used any of those methods and you are still getting this warning, you most likely misspelled the timezone identifier. We selected 'UTC' for 'UTC/0.0/no DST' instead
Stack Trace:
#0 /var/www/html/TeamB/lib/Cake/Network/CakeResponse.php(1064): DateTime->__construct('2014-10-31 03:2...')
#1 /var/www/html/TeamB/lib/Cake/Network/CakeResponse.php(968): CakeResponse->_getUTCDate(1414725781)
#2 /var/www/html/TeamB/lib/Cake/Routing/Filter/AssetDispatcher.php(60): CakeResponse->modified(1414725781)
#3 [internal function]: AssetDispatcher->beforeDispatch(Object(CakeEvent))
#4 /var/www/html/TeamB/lib/Cake/Event/CakeEventManager.php(242): call_user_func(Array, Object(CakeEvent))
#5 /var/www/html/TeamB/lib/Cake/Routing/Dispatcher.php(145): CakeEventManager->dispatch(Object(CakeEvent))
#6 /var/www/html/TeamB/app/webroot/index.php(108): Dispatcher->dispatch(Object(CakeRequest), Object(CakeResponse))
#7 {main}
2014-10-31 03:33:34 Error: [Exception] DateTime::__construct() [http://php.net/datetime.--construct]: It is not safe to rely on the system's timezone settings. You are *required* to use the date.timezone setting or the date_default_timezone_set() function. In case you used any of those methods and you are still getting this warning, you most likely misspelled the timezone identifier. We selected 'UTC' for 'UTC/0.0/no DST' instead
Stack Trace:
#0 /var/www/html/TeamB/lib/Cake/Network/CakeResponse.php(1064): DateTime->__construct('2014-10-31 03:2...')
#1 /var/www/html/TeamB/lib/Cake/Network/CakeResponse.php(968): CakeResponse->_getUTCDate(1414725781)
#2 /var/www/html/TeamB/lib/Cake/Routing/Filter/AssetDispatcher.php(60): CakeResponse->modified(1414725781)
#3 [internal function]: AssetDispatcher->beforeDispatch(Object(CakeEvent))
#4 /var/www/html/TeamB/lib/Cake/Event/CakeEventManager.php(242): call_user_func(Array, Object(CakeEvent))
#5 /var/www/html/TeamB/lib/Cake/Routing/Dispatcher.php(145): CakeEventManager->dispatch(Object(CakeEvent))
#6 /var/www/html/TeamB/app/webroot/index.php(108): Dispatcher->dispatch(Object(CakeRequest), Object(CakeResponse))
#7 {main}
2014-10-31 03:33:34 Error: [Exception] DateTime::__construct() [http://php.net/datetime.--construct]: It is not safe to rely on the system's timezone settings. You are *required* to use the date.timezone setting or the date_default_timezone_set() function. In case you used any of those methods and you are still getting this warning, you most likely misspelled the timezone identifier. We selected 'UTC' for 'UTC/0.0/no DST' instead
Stack Trace:
#0 /var/www/html/TeamB/lib/Cake/Network/CakeResponse.php(1064): DateTime->__construct('2014-10-31 03:2...')
#1 /var/www/html/TeamB/lib/Cake/Network/CakeResponse.php(968): CakeResponse->_getUTCDate(1414725781)
#2 /var/www/html/TeamB/lib/Cake/Routing/Filter/AssetDispatcher.php(60): CakeResponse->modified(1414725781)
#3 [internal function]: AssetDispatcher->beforeDispatch(Object(CakeEvent))
#4 /var/www/html/TeamB/lib/Cake/Event/CakeEventManager.php(242): call_user_func(Array, Object(CakeEvent))
#5 /var/www/html/TeamB/lib/Cake/Routing/Dispatcher.php(145): CakeEventManager->dispatch(Object(CakeEvent))
#6 /var/www/html/TeamB/app/webroot/index.php(108): Dispatcher->dispatch(Object(CakeRequest), Object(CakeResponse))
#7 {main}
2014-10-31 03:33:34 Error: [Exception] DateTime::__construct() [http://php.net/datetime.--construct]: It is not safe to rely on the system's timezone settings. You are *required* to use the date.timezone setting or the date_default_timezone_set() function. In case you used any of those methods and you are still getting this warning, you most likely misspelled the timezone identifier. We selected 'UTC' for 'UTC/0.0/no DST' instead
Stack Trace:
#0 /var/www/html/TeamB/lib/Cake/Network/CakeResponse.php(1064): DateTime->__construct('2014-10-31 03:2...')
#1 /var/www/html/TeamB/lib/Cake/Network/CakeResponse.php(968): CakeResponse->_getUTCDate(1414725781)
#2 /var/www/html/TeamB/lib/Cake/Routing/Filter/AssetDispatcher.php(60): CakeResponse->modified(1414725781)
#3 [internal function]: AssetDispatcher->beforeDispatch(Object(CakeEvent))
#4 /var/www/html/TeamB/lib/Cake/Event/CakeEventManager.php(242): call_user_func(Array, Object(CakeEvent))
#5 /var/www/html/TeamB/lib/Cake/Routing/Dispatcher.php(145): CakeEventManager->dispatch(Object(CakeEvent))
#6 /var/www/html/TeamB/app/webroot/index.php(108): Dispatcher->dispatch(Object(CakeRequest), Object(CakeResponse))
#7 {main}
2014-11-03 01:53:13 Error: [Exception] DateTime::__construct() [http://php.net/datetime.--construct]: It is not safe to rely on the system's timezone settings. You are *required* to use the date.timezone setting or the date_default_timezone_set() function. In case you used any of those methods and you are still getting this warning, you most likely misspelled the timezone identifier. We selected 'UTC' for 'UTC/0.0/no DST' instead
Stack Trace:
#0 /var/www/html/TeamB/lib/Cake/Network/CakeResponse.php(1064): DateTime->__construct('2014-10-31 03:2...')
#1 /var/www/html/TeamB/lib/Cake/Network/CakeResponse.php(968): CakeResponse->_getUTCDate(1414725781)
#2 /var/www/html/TeamB/lib/Cake/Routing/Filter/AssetDispatcher.php(60): CakeResponse->modified(1414725781)
#3 [internal function]: AssetDispatcher->beforeDispatch(Object(CakeEvent))
#4 /var/www/html/TeamB/lib/Cake/Event/CakeEventManager.php(242): call_user_func(Array, Object(CakeEvent))
#5 /var/www/html/TeamB/lib/Cake/Routing/Dispatcher.php(145): CakeEventManager->dispatch(Object(CakeEvent))
#6 /var/www/html/TeamB/app/webroot/index.php(108): Dispatcher->dispatch(Object(CakeRequest), Object(CakeResponse))
#7 {main}
2014-11-03 01:53:14 Error: [Exception] DateTime::__construct() [http://php.net/datetime.--construct]: It is not safe to rely on the system's timezone settings. You are *required* to use the date.timezone setting or the date_default_timezone_set() function. In case you used any of those methods and you are still getting this warning, you most likely misspelled the timezone identifier. We selected 'UTC' for 'UTC/0.0/no DST' instead
Stack Trace:
#0 /var/www/html/TeamB/lib/Cake/Network/CakeResponse.php(1064): DateTime->__construct('2014-10-31 03:2...')
#1 /var/www/html/TeamB/lib/Cake/Network/CakeResponse.php(968): CakeResponse->_getUTCDate(1414725781)
#2 /var/www/html/TeamB/lib/Cake/Routing/Filter/AssetDispatcher.php(60): CakeResponse->modified(1414725781)
#3 [internal function]: AssetDispatcher->beforeDispatch(Object(CakeEvent))
#4 /var/www/html/TeamB/lib/Cake/Event/CakeEventManager.php(242): call_user_func(Array, Object(CakeEvent))
#5 /var/www/html/TeamB/lib/Cake/Routing/Dispatcher.php(145): CakeEventManager->dispatch(Object(CakeEvent))
#6 /var/www/html/TeamB/app/webroot/index.php(108): Dispatcher->dispatch(Object(CakeRequest), Object(CakeResponse))
#7 {main}
2014-11-03 01:53:14 Error: [Exception] DateTime::__construct() [http://php.net/datetime.--construct]: It is not safe to rely on the system's timezone settings. You are *required* to use the date.timezone setting or the date_default_timezone_set() function. In case you used any of those methods and you are still getting this warning, you most likely misspelled the timezone identifier. We selected 'UTC' for 'UTC/0.0/no DST' instead
Stack Trace:
#0 /var/www/html/TeamB/lib/Cake/Network/CakeResponse.php(1064): DateTime->__construct('2014-10-31 03:2...')
#1 /var/www/html/TeamB/lib/Cake/Network/CakeResponse.php(968): CakeResponse->_getUTCDate(1414725781)
#2 /var/www/html/TeamB/lib/Cake/Routing/Filter/AssetDispatcher.php(60): CakeResponse->modified(1414725781)
#3 [internal function]: AssetDispatcher->beforeDispatch(Object(CakeEvent))
#4 /var/www/html/TeamB/lib/Cake/Event/CakeEventManager.php(242): call_user_func(Array, Object(CakeEvent))
#5 /var/www/html/TeamB/lib/Cake/Routing/Dispatcher.php(145): CakeEventManager->dispatch(Object(CakeEvent))
#6 /var/www/html/TeamB/app/webroot/index.php(108): Dispatcher->dispatch(Object(CakeRequest), Object(CakeResponse))
#7 {main}
